TN:
SF:src/Controller.ts
FN:7,(anonymous_0)
FNF:1
FNH:1
FNDA:1,(anonymous_0)
DA:1,1
DA:2,1
DA:4,1
DA:6,1
DA:8,1
DA:10,1
LF:6
LH:6
BRF:0
BRH:0
end_of_record
TN:
SF:src/Globals.ts
FN:21,(anonymous_0)
FNF:1
FNH:1
FNDA:2,(anonymous_0)
DA:3,5
DA:5,5
DA:6,5
DA:7,5
DA:8,5
DA:9,5
DA:10,5
DA:11,5
DA:22,2
DA:23,2
DA:24,2
LF:11
LH:11
BRDA:22,0,0,2
BRDA:22,0,1,1
BRDA:22,1,0,0
BRDA:22,1,1,2
BRDA:22,2,0,2
BRDA:22,2,1,2
BRDA:23,3,0,2
BRDA:23,3,1,1
BRDA:23,4,0,0
BRDA:23,4,1,2
BRDA:23,5,0,2
BRDA:23,5,1,2
BRDA:24,6,0,2
BRDA:24,6,1,1
BRDA:24,7,0,0
BRDA:24,7,1,2
BRDA:24,8,0,2
BRDA:24,8,1,2
BRF:18
BRH:15
end_of_record
TN:
SF:src/enums/ColorsEnum.ts
FN:1,(anonymous_0)
FNF:1
FNH:1
FNDA:3,(anonymous_0)
DA:1,3
DA:2,3
DA:3,3
DA:4,3
DA:5,3
DA:6,3
LF:6
LH:6
BRDA:1,0,0,3
BRDA:1,0,1,3
BRF:2
BRH:2
end_of_record
TN:
SF:src/utils/FileUtils.ts
FN:4,(anonymous_1)
FN:8,(anonymous_2)
FN:14,(anonymous_3)
FN:20,(anonymous_4)
FNF:4
FNH:4
FNDA:2,(anonymous_1)
FNDA:9,(anonymous_2)
FNDA:5,(anonymous_3)
FNDA:5,(anonymous_4)
DA:1,4
DA:3,4
DA:5,2
DA:6,1
DA:9,9
DA:11,9
DA:15,5
DA:17,5
DA:21,5
LF:9
LH:9
BRDA:5,0,0,1
BRDA:5,0,1,1
BRF:2
BRH:2
end_of_record
TN:
SF:src/utils/StringUtils.ts
FN:2,(anonymous_0)
FNF:1
FNH:1
FNDA:13,(anonymous_0)
DA:1,3
DA:3,13
LF:2
LH:2
BRF:0
BRH:0
end_of_record
TN:
SF:src/validations/ColorValidation.ts
FN:4,(anonymous_0)
FNF:1
FNH:1
FNDA:17,(anonymous_0)
DA:1,3
DA:3,3
DA:5,17
DA:7,1
DA:9,1
DA:11,1
DA:13,2
DA:15,11
DA:17,1
LF:9
LH:9
BRDA:6,0,0,1
BRDA:6,0,1,1
BRDA:6,0,2,1
BRDA:6,0,3,2
BRDA:6,0,4,11
BRDA:6,0,5,1
BRF:6
BRH:6
end_of_record
TN:
SF:src/worker/Badge.ts
FN:8,(anonymous_0)
FNF:1
FNH:1
FNDA:10,(anonymous_0)
DA:3,3
DA:5,3
DA:6,3
DA:9,10
DA:11,10
DA:12,3
DA:14,10
LF:7
LH:7
BRF:0
BRH:0
end_of_record
TN:
SF:src/worker/Coverage.ts
FN:12,(anonymous_0)
FN:19,(anonymous_1)
FN:22,(anonymous_2)
FN:31,(anonymous_3)
FNF:4
FNH:4
FNDA:3,(anonymous_0)
FNDA:2,(anonymous_1)
FNDA:8,(anonymous_2)
FNDA:12,(anonymous_3)
DA:3,2
DA:4,2
DA:5,2
DA:7,2
DA:13,3
DA:14,3
DA:15,3
DA:16,3
DA:20,2
DA:22,2
DA:23,8
DA:24,8
DA:26,2
DA:28,2
DA:32,12
LF:15
LH:15
BRF:0
BRH:0
end_of_record
TN:
SF:src/worker/Readme.ts
FN:13,(anonymous_0)
FN:30,(anonymous_1)
FN:33,(anonymous_2)
FNF:3
FNH:3
FNDA:5,(anonymous_0)
FNDA:4,(anonymous_1)
FNDA:6,(anonymous_2)
DA:1,2
DA:5,2
DA:6,2
DA:7,2
DA:9,2
DA:10,2
DA:14,5
DA:15,5
DA:17,4
DA:18,6
DA:27,4
DA:31,4
DA:33,4
DA:34,6
DA:35,6
DA:36,6
DA:38,4
LF:17
LH:17
BRDA:15,0,0,1
BRDA:15,0,1,4
BRDA:21,1,0,6
BRDA:21,1,1,6
BRF:4
BRH:4
end_of_record
